<?xml version="1.0" encoding="UTF-8"?>
<testng-results ignored="0" total="1" passed="1" failed="0" skipped="0">
  <reporter-output>
  </reporter-output>
  <suite started-at="2023-03-10T16:12:27Z" name="Default suite" finished-at="2023-03-10T16:12:27Z" duration-ms="50">
    <groups>
    </groups>
    <test started-at="2023-03-10T16:12:27Z" name="Default test" finished-at="2023-03-10T16:12:27Z" duration-ms="50">
      <class name="Training.Selenium.AppTest">
        <test-method signature="shouldAnswerWithTrue()[pri:0, instance:Training.Selenium.AppTest@6253c26]" started-at="2023-03-10T10:12:27Z" name="shouldAnswerWithTrue" finished-at="2023-03-10T10:12:27Z" duration-ms="19" status="PASS">
          <reporter-output>
          </reporter-output>
        </test-method> <!-- shouldAnswerWithTrue -->
      </class> <!-- Training.Selenium.AppTest -->
    </test> <!-- Default test -->
  </suite> <!-- Default suite -->
</testng-results>
